<?xml version="1.0" encoding="UTF-8"?>
<testsuite name="com.ll.AppTests" tests="1" skipped="0" failures="0" errors="0" timestamp="2023-03-06T08:16:45" hostname="Shins-MacBook-Pro.local" time="0.021">
  <properties/>
  <testcase name="현재까지 등록된 모든 명언을 출력" classname="com.ll.AppTests" time="0.021"/>
  <system-out><![CDATA[]]></system-out>
  <system-err><![CDATA[]]></system-err>
</testsuite>
